2023-03-14 21:47:01.404 PM [main] TRACE org.springframework.context.annotation.AnnotationConfigApplicationContext - Refreshing org.springframework.context.annotation.AnnotationConfigApplicationContext@268f106e, started on Tue Mar 14 21:47:01 BRT 2023
2023-03-14 21:47:01.413 PM [main] DEBUG org.springframework.beans.factory.support.DefaultListableBeanFactory - Creating shared instance of singleton bean 'org.springframework.context.annotation.internalConfigurationAnnotationProcessor'
2023-03-14 21:47:01.414 PM [main] TRACE org.springframework.beans.factory.support.DefaultListableBeanFactory - Creating instance of bean 'org.springframework.context.annotation.internalConfigurationAnnotationProcessor'
2023-03-14 21:47:01.422 PM [main] TRACE org.springframework.beans.factory.support.DefaultListableBeanFactory - Eagerly caching bean 'org.springframework.context.annotation.internalConfigurationAnnotationProcessor' to allow for resolving potential circular references
2023-03-14 21:47:01.424 PM [main] TRACE org.springframework.beans.factory.support.DefaultListableBeanFactory - Finished creating instance of bean 'org.springframework.context.annotation.internalConfigurationAnnotationProcessor'
2023-03-14 21:47:01.432 PM [main] TRACE org.springframework.core.io.support.PathMatchingResourcePatternResolver - Resolved module-path location pattern [web/primeiroprojetospring/model/**/*.class] to resources []
2023-03-14 21:47:01.433 PM [main] TRACE org.springframework.core.io.support.PathMatchingResourcePatternResolver - Resolved module-path location pattern [web/primeiroprojetospring/model/] to resources []
2023-03-14 21:47:01.434 PM [main] TRACE org.springframework.core.io.support.PathMatchingResourcePatternResolver - Resolved classpath location [web/primeiroprojetospring/model/] to resources [URL [file:/home/rosegates/Projetos/daw/Hibernates/target/classes/web/primeiroprojetospring/model/]]
2023-03-14 21:47:01.435 PM [main] TRACE org.springframework.core.io.support.PathMatchingResourcePatternResolver - Searching directory [/home/rosegates/Projetos/daw/Hibernates/target/classes/web/primeiroprojetospring/model] for files matching pattern [**/*.class]
2023-03-14 21:47:01.440 PM [main] TRACE org.springframework.core.io.support.PathMatchingResourcePatternResolver - Resolved location pattern [classpath*:web/primeiroprojetospring/model/**/*.class] to resources [file [/home/rosegates/Projetos/daw/Hibernates/target/classes/web/primeiroprojetospring/model/Tecnico.class], file [/home/rosegates/Projetos/daw/Hibernates/target/classes/web/primeiroprojetospring/model/TecnicoBaseball.class], file [/home/rosegates/Projetos/daw/Hibernates/target/classes/web/primeiroprojetospring/model/TecnicoNatacao.class], file [/home/rosegates/Projetos/daw/Hibernates/target/classes/web/primeiroprojetospring/model/TecnicoPingPong.class], file [/home/rosegates/Projetos/daw/Hibernates/target/classes/web/primeiroprojetospring/model/TecnicoTenis.class]]
2023-03-14 21:47:01.441 PM [main] TRACE org.springframework.context.annotation.ClassPathBeanDefinitionScanner - Scanning file [/home/rosegates/Projetos/daw/Hibernates/target/classes/web/primeiroprojetospring/model/Tecnico.class]
2023-03-14 21:47:01.445 PM [main] TRACE org.springframework.context.annotation.ClassPathBeanDefinitionScanner - Ignored because not matching any filter: file [/home/rosegates/Projetos/daw/Hibernates/target/classes/web/primeiroprojetospring/model/Tecnico.class]
2023-03-14 21:47:01.446 PM [main] TRACE org.springframework.context.annotation.ClassPathBeanDefinitionScanner - Scanning file [/home/rosegates/Projetos/daw/Hibernates/target/classes/web/primeiroprojetospring/model/TecnicoBaseball.class]
2023-03-14 21:47:01.446 PM [main] TRACE org.springframework.context.annotation.ClassPathBeanDefinitionScanner - Ignored because not matching any filter: file [/home/rosegates/Projetos/daw/Hibernates/target/classes/web/primeiroprojetospring/model/TecnicoBaseball.class]
2023-03-14 21:47:01.446 PM [main] TRACE org.springframework.context.annotation.ClassPathBeanDefinitionScanner - Scanning file [/home/rosegates/Projetos/daw/Hibernates/target/classes/web/primeiroprojetospring/model/TecnicoNatacao.class]
2023-03-14 21:47:01.446 PM [main] TRACE org.springframework.context.annotation.ClassPathBeanDefinitionScanner - Ignored because not matching any filter: file [/home/rosegates/Projetos/daw/Hibernates/target/classes/web/primeiroprojetospring/model/TecnicoNatacao.class]
2023-03-14 21:47:01.446 PM [main] TRACE org.springframework.context.annotation.ClassPathBeanDefinitionScanner - Scanning file [/home/rosegates/Projetos/daw/Hibernates/target/classes/web/primeiroprojetospring/model/TecnicoPingPong.class]
2023-03-14 21:47:01.448 PM [main] DEBUG org.springframework.context.annotation.ClassPathBeanDefinitionScanner - Identified candidate component class: file [/home/rosegates/Projetos/daw/Hibernates/target/classes/web/primeiroprojetospring/model/TecnicoPingPong.class]
2023-03-14 21:47:01.449 PM [main] TRACE org.springframework.context.annotation.ClassPathBeanDefinitionScanner - Scanning file [/home/rosegates/Projetos/daw/Hibernates/target/classes/web/primeiroprojetospring/model/TecnicoTenis.class]
2023-03-14 21:47:01.449 PM [main] TRACE org.springframework.context.annotation.ClassPathBeanDefinitionScanner - Ignored because not matching any filter: file [/home/rosegates/Projetos/daw/Hibernates/target/classes/web/primeiroprojetospring/model/TecnicoTenis.class]
2023-03-14 21:47:01.499 PM [main] TRACE org.springframework.context.annotation.ConfigurationClassEnhancer - Successfully enhanced web.primeiroprojetospring.config.EsportesConfig; enhanced class name is: web.primeiroprojetospring.config.EsportesConfig$$SpringCGLIB$$0
2023-03-14 21:47:01.499 PM [main] TRACE org.springframework.context.annotation.ConfigurationClassPostProcessor - Replacing bean definition 'esportesConfig' existing class 'web.primeiroprojetospring.config.EsportesConfig' with enhanced class 'web.primeiroprojetospring.config.EsportesConfig$$SpringCGLIB$$0'
2023-03-14 21:47:01.499 PM [main] DEBUG org.springframework.beans.factory.support.DefaultListableBeanFactory - Creating shared instance of singleton bean 'org.springframework.context.event.internalEventListenerProcessor'
2023-03-14 21:47:01.500 PM [main] TRACE org.springframework.beans.factory.support.DefaultListableBeanFactory - Creating instance of bean 'org.springframework.context.event.internalEventListenerProcessor'
2023-03-14 21:47:01.500 PM [main] TRACE org.springframework.beans.factory.support.DefaultListableBeanFactory - Eagerly caching bean 'org.springframework.context.event.internalEventListenerProcessor' to allow for resolving potential circular references
2023-03-14 21:47:01.501 PM [main] TRACE org.springframework.beans.factory.support.DefaultListableBeanFactory - Finished creating instance of bean 'org.springframework.context.event.internalEventListenerProcessor'
2023-03-14 21:47:01.501 PM [main] DEBUG org.springframework.beans.factory.support.DefaultListableBeanFactory - Creating shared instance of singleton bean 'org.springframework.context.event.internalEventListenerFactory'
2023-03-14 21:47:01.501 PM [main] TRACE org.springframework.beans.factory.support.DefaultListableBeanFactory - Creating instance of bean 'org.springframework.context.event.internalEventListenerFactory'
2023-03-14 21:47:01.502 PM [main] TRACE org.springframework.beans.factory.support.DefaultListableBeanFactory - Eagerly caching bean 'org.springframework.context.event.internalEventListenerFactory' to allow for resolving potential circular references
2023-03-14 21:47:01.502 PM [main] TRACE org.springframework.beans.factory.support.DefaultListableBeanFactory - Finished creating instance of bean 'org.springframework.context.event.internalEventListenerFactory'
2023-03-14 21:47:01.503 PM [main] DEBUG org.springframework.beans.factory.support.DefaultListableBeanFactory - Creating shared instance of singleton bean 'org.springframework.context.annotation.internalAutowiredAnnotationProcessor'
2023-03-14 21:47:01.503 PM [main] TRACE org.springframework.beans.factory.support.DefaultListableBeanFactory - Creating instance of bean 'org.springframework.context.annotation.internalAutowiredAnnotationProcessor'
2023-03-14 21:47:01.504 PM [main] TRACE org.springframework.beans.factory.support.DefaultListableBeanFactory - Eagerly caching bean 'org.springframework.context.annotation.internalAutowiredAnnotationProcessor' to allow for resolving potential circular references
2023-03-14 21:47:01.504 PM [main] TRACE org.springframework.beans.factory.support.DefaultListableBeanFactory - Finished creating instance of bean 'org.springframework.context.annotation.internalAutowiredAnnotationProcessor'
2023-03-14 21:47:01.504 PM [main] DEBUG org.springframework.beans.factory.support.DefaultListableBeanFactory - Creating shared instance of singleton bean 'org.springframework.context.annotation.internalJsr250AnnotationProcessor'
2023-03-14 21:47:01.505 PM [main] TRACE org.springframework.beans.factory.support.DefaultListableBeanFactory - Creating instance of bean 'org.springframework.context.annotation.internalJsr250AnnotationProcessor'
2023-03-14 21:47:01.506 PM [main] TRACE org.springframework.beans.factory.support.DefaultListableBeanFactory - Eagerly caching bean 'org.springframework.context.annotation.internalJsr250AnnotationProcessor' to allow for resolving potential circular references
2023-03-14 21:47:01.513 PM [main] TRACE org.springframework.core.io.support.SpringFactoriesLoader - Loaded [org.springframework.beans.BeanInfoFactory] names: []
2023-03-14 21:47:01.513 PM [main] TRACE org.springframework.beans.CachedIntrospectionResults - Getting BeanInfo for class [org.springframework.beans.factory.annotation.InitDestroyAnnotationBeanPostProcessor]
2023-03-14 21:47:01.514 PM [main] TRACE org.springframework.beans.CachedIntrospectionResults - Caching PropertyDescriptors for class [org.springframework.beans.factory.annotation.InitDestroyAnnotationBeanPostProcessor]
2023-03-14 21:47:01.515 PM [main] TRACE org.springframework.beans.CachedIntrospectionResults - Found bean property 'beanExcludedFromAotProcessing' of type [boolean]
2023-03-14 21:47:01.517 PM [main] TRACE org.springframework.beans.CachedIntrospectionResults - Found bean property 'class' of type [java.lang.Class]
2023-03-14 21:47:01.519 PM [main] TRACE org.springframework.beans.CachedIntrospectionResults - Found bean property 'destroyAnnotationType' of type [java.lang.Class]
2023-03-14 21:47:01.519 PM [main] TRACE org.springframework.beans.CachedIntrospectionResults - Found bean property 'initAnnotationType' of type [java.lang.Class]
2023-03-14 21:47:01.519 PM [main] TRACE org.springframework.beans.CachedIntrospectionResults - Found bean property 'order' of type [int]
2023-03-14 21:47:01.522 PM [main] TRACE org.springframework.beans.factory.support.DefaultListableBeanFactory - Finished creating instance of bean 'org.springframework.context.annotation.internalJsr250AnnotationProcessor'
2023-03-14 21:47:01.525 PM [main] TRACE org.springframework.context.annotation.AnnotationConfigApplicationContext - No 'messageSource' bean, using [Empty MessageSource]
2023-03-14 21:47:01.526 PM [main] TRACE org.springframework.context.annotation.AnnotationConfigApplicationContext - No 'applicationEventMulticaster' bean, using [SimpleApplicationEventMulticaster]
2023-03-14 21:47:01.527 PM [main] TRACE org.springframework.beans.factory.support.DefaultListableBeanFactory - Pre-instantiating singletons in org.springframework.beans.factory.support.DefaultListableBeanFactory@6581dc0a: defining beans [org.springframework.context.annotation.internalConfigurationAnnotationProcessor,org.springframework.context.annotation.internalAutowiredAnnotationProcessor,org.springframework.context.annotation.internalJsr250AnnotationProcessor,org.springframework.context.event.internalEventListenerProcessor,org.springframework.context.event.internalEventListenerFactory,esportesConfig,tecnicoPingPong]; root of factory hierarchy
2023-03-14 21:47:01.527 PM [main] TRACE org.springframework.beans.factory.support.DefaultListableBeanFactory - Returning cached instance of singleton bean 'org.springframework.context.annotation.internalConfigurationAnnotationProcessor'
2023-03-14 21:47:01.528 PM [main] TRACE org.springframework.beans.factory.support.DefaultListableBeanFactory - Returning cached instance of singleton bean 'org.springframework.context.annotation.internalAutowiredAnnotationProcessor'
2023-03-14 21:47:01.528 PM [main] TRACE org.springframework.beans.factory.support.DefaultListableBeanFactory - Returning cached instance of singleton bean 'org.springframework.context.annotation.internalJsr250AnnotationProcessor'
2023-03-14 21:47:01.528 PM [main] TRACE org.springframework.beans.factory.support.DefaultListableBeanFactory - Returning cached instance of singleton bean 'org.springframework.context.event.internalEventListenerProcessor'
2023-03-14 21:47:01.528 PM [main] TRACE org.springframework.beans.factory.support.DefaultListableBeanFactory - Returning cached instance of singleton bean 'org.springframework.context.event.internalEventListenerFactory'
2023-03-14 21:47:01.528 PM [main] DEBUG org.springframework.beans.factory.support.DefaultListableBeanFactory - Creating shared instance of singleton bean 'esportesConfig'
2023-03-14 21:47:01.528 PM [main] TRACE org.springframework.beans.factory.support.DefaultListableBeanFactory - Creating instance of bean 'esportesConfig'
2023-03-14 21:47:01.529 PM [main] DEBUG web.primeiroprojetospring.config.EsportesConfig - >> EsportesConfig: dentro do construtor padrão
2023-03-14 21:47:01.530 PM [main] TRACE org.springframework.beans.factory.support.DefaultListableBeanFactory - Eagerly caching bean 'esportesConfig' to allow for resolving potential circular references
2023-03-14 21:47:01.530 PM [main] TRACE org.springframework.beans.factory.support.DefaultListableBeanFactory - Finished creating instance of bean 'esportesConfig'
2023-03-14 21:47:01.530 PM [main] DEBUG org.springframework.beans.factory.support.DefaultListableBeanFactory - Creating shared instance of singleton bean 'tecnicoPingPong'
2023-03-14 21:47:01.531 PM [main] TRACE org.springframework.beans.factory.support.DefaultListableBeanFactory - Creating instance of bean 'tecnicoPingPong'
2023-03-14 21:47:01.531 PM [main] TRACE org.springframework.beans.factory.support.DefaultListableBeanFactory - Eagerly caching bean 'tecnicoPingPong' to allow for resolving potential circular references
2023-03-14 21:47:01.532 PM [main] TRACE org.springframework.beans.factory.support.DefaultListableBeanFactory - Finished creating instance of bean 'tecnicoPingPong'
2023-03-14 21:47:01.534 PM [main] TRACE org.springframework.context.event.EventListenerMethodProcessor - No @EventListener annotations found on bean class: web.primeiroprojetospring.config.EsportesConfig$$SpringCGLIB$$0
2023-03-14 21:47:01.535 PM [main] TRACE org.springframework.context.event.EventListenerMethodProcessor - No @EventListener annotations found on bean class: web.primeiroprojetospring.model.TecnicoPingPong
2023-03-14 21:47:01.536 PM [main] TRACE org.springframework.context.annotation.AnnotationConfigApplicationContext - No 'lifecycleProcessor' bean, using [DefaultLifecycleProcessor]
2023-03-14 21:47:01.536 PM [main] TRACE org.springframework.beans.factory.support.DefaultListableBeanFactory - Returning cached instance of singleton bean 'lifecycleProcessor'
2023-03-14 21:47:01.539 PM [main] TRACE org.springframework.beans.factory.support.DefaultListableBeanFactory - Returning cached instance of singleton bean 'tecnicoPingPong'
2023-03-14 21:47:01.540 PM [main] DEBUG org.springframework.context.annotation.AnnotationConfigApplicationContext - Closing org.springframework.context.annotation.AnnotationConfigApplicationContext@268f106e, started on Tue Mar 14 21:47:01 BRT 2023
2023-03-14 21:47:01.540 PM [main] TRACE org.springframework.beans.factory.support.DefaultListableBeanFactory - Returning cached instance of singleton bean 'lifecycleProcessor'
2023-03-14 21:47:01.541 PM [main] TRACE org.springframework.beans.factory.support.DefaultListableBeanFactory - Destroying singletons in org.springframework.beans.factory.support.DefaultListableBeanFactory@6581dc0a: defining beans [org.springframework.context.annotation.internalConfigurationAnnotationProcessor,org.springframework.context.annotation.internalAutowiredAnnotationProcessor,org.springframework.context.annotation.internalJsr250AnnotationProcessor,org.springframework.context.event.internalEventListenerProcessor,org.springframework.context.event.internalEventListenerFactory,esportesConfig,tecnicoPingPong]; root of factory hierarchy
